WARNING: An illegal reflective access operation has occurred
WARNING: Illegal reflective access by com.google.inject.internal.cglib.core.$ReflectUtils$1 (file:/usr/share/maven/lib/guice.jar) to method java.lang.ClassLoader.defineClass(java.lang.String,byte[],int,int,java.security.ProtectionDomain)
WARNING: Please consider reporting this to the maintainers of com.google.inject.internal.cglib.core.$ReflectUtils$1
WARNING: Use --illegal-access=warn to enable warnings of further illegal reflective access operations
WARNING: All illegal access operations will be denied in a future release
[[1;34mINFO[m] Scanning for projects...
[[1;34mINFO[m] 
[[1;34mINFO[m] [1m--------------------------< [0;36mcom.team4:server[0;1m >--------------------------[m
[[1;34mINFO[m] [1mBuilding server2 0.0.1-SNAPSHOT[m
[[1;34mINFO[m] [1m--------------------------------[ jar ]---------------------------------[m
[[1;34mINFO[m] 
[[1;34mINFO[m] [1m--- [0;32mexec-maven-plugin:1.5.0:java[m [1m(default-cli)[m @ [36mserver[0;1m ---[m
System Started!!

  .   ____          _            __ _ _
 /\\ / ___'_ __ _ _(_)_ __  __ _ \ \ \ \
( ( )\___ | '_ | '_| | '_ \/ _` | \ \ \ \
 \\/  ___)| |_)| | | | | || (_| |  ) ) ) )
  '  |____| .__|_| |_|_| |_\__, | / / / /
 =========|_|==============|___/=/_/_/_/
 :: Spring Boot ::        (v1.5.1.RELEASE)

2019-05-02 01:49:54.973  INFO 21947 --- [rver.App.main()] com.team4.server.App                     : Starting App on ip-172-31-18-82 with PID 21947 (/home/kwkwon/Mobile-Computing/Server/target/classes started by kwkwon in /home/kwkwon/Mobile-Computing/Server)
2019-05-02 01:49:54.975  INFO 21947 --- [rver.App.main()] com.team4.server.App                     : No active profile set, falling back to default profiles: default
2019-05-02 01:49:55.153  INFO 21947 --- [rver.App.main()] ationConfigEmbeddedWebApplicationContext : Refreshing org.springframework.boot.context.embedded.AnnotationConfigEmbeddedWebApplicationContext@194c0f2d: startup date [Thu May 02 01:49:55 UTC 2019]; root of context hierarchy
2019-05-02 01:49:57.530  INFO 21947 --- [rver.App.main()] trationDelegate$BeanPostProcessorChecker : Bean 'org.springframework.boot.autoconfigure.validation.ValidationAutoConfiguration' of type [class org.springframework.boot.autoconfigure.validation.ValidationAutoConfiguration] is not eligible for getting processed by all BeanPostProcessors (for example: not eligible for auto-proxying)
2019-05-02 01:49:57.709  INFO 21947 --- [rver.App.main()] trationDelegate$BeanPostProcessorChecker : Bean 'validator' of type [class org.springframework.validation.beanvalidation.LocalValidatorFactoryBean] is not eligible for getting processed by all BeanPostProcessors (for example: not eligible for auto-proxying)
2019-05-02 01:49:58.353  INFO 21947 --- [rver.App.main()] s.b.c.e.t.TomcatEmbeddedServletContainer : Tomcat initialized with port(s): 8080 (http)
2019-05-02 01:49:58.385  INFO 21947 --- [rver.App.main()] o.apache.catalina.core.StandardService   : Starting service Tomcat
2019-05-02 01:49:58.390  INFO 21947 --- [rver.App.main()] org.apache.catalina.core.StandardEngine  : Starting Servlet Engine: Apache Tomcat/8.5.11
2019-05-02 01:49:58.577  INFO 21947 --- [ost-startStop-1] o.a.c.c.C.[Tomcat].[localhost].[/]       : Initializing Spring embedded WebApplicationContext
2019-05-02 01:49:58.577  INFO 21947 --- [ost-startStop-1] o.s.web.context.ContextLoader            : Root WebApplicationContext: initialization completed in 3452 ms
2019-05-02 01:49:58.876  INFO 21947 --- [ost-startStop-1] o.s.b.w.servlet.ServletRegistrationBean  : Mapping servlet: 'dispatcherServlet' to [/]
2019-05-02 01:49:58.885  INFO 21947 --- [ost-startStop-1] o.s.b.w.servlet.FilterRegistrationBean   : Mapping filter: 'characterEncodingFilter' to: [/*]
2019-05-02 01:49:58.886  INFO 21947 --- [ost-startStop-1] o.s.b.w.servlet.FilterRegistrationBean   : Mapping filter: 'hiddenHttpMethodFilter' to: [/*]
2019-05-02 01:49:58.886  INFO 21947 --- [ost-startStop-1] o.s.b.w.servlet.FilterRegistrationBean   : Mapping filter: 'httpPutFormContentFilter' to: [/*]
2019-05-02 01:49:58.886  INFO 21947 --- [ost-startStop-1] o.s.b.w.servlet.FilterRegistrationBean   : Mapping filter: 'requestContextFilter' to: [/*]
2019-05-02 01:49:59.539  INFO 21947 --- [rver.App.main()] s.w.s.m.m.a.RequestMappingHandlerAdapter : Looking for @ControllerAdvice: org.springframework.boot.context.embedded.AnnotationConfigEmbeddedWebApplicationContext@194c0f2d: startup date [Thu May 02 01:49:55 UTC 2019]; root of context hierarchy
2019-05-02 01:49:59.714  INFO 21947 --- [rver.App.main()] s.w.s.m.m.a.RequestMappingHandlerMapping : Mapped "{[/register_device],methods=[POST]}" onto public java.lang.String com.team4.server.RegistController.registerDevice(java.lang.String,java.lang.String)
2019-05-02 01:49:59.722  INFO 21947 --- [rver.App.main()] s.w.s.m.m.a.RequestMappingHandlerMapping : Mapped "{[/ping],methods=[GET]}" onto public java.lang.String com.team4.server.StatusController.isRunning()
2019-05-02 01:49:59.732  INFO 21947 --- [rver.App.main()] s.w.s.m.m.a.RequestMappingHandlerMapping : Mapped "{[/error]}" onto public org.springframework.http.ResponseEntity<java.util.Map<java.lang.String, java.lang.Object>> org.springframework.boot.autoconfigure.web.BasicErrorController.error(javax.servlet.http.HttpServletRequest)
2019-05-02 01:49:59.734  INFO 21947 --- [rver.App.main()] s.w.s.m.m.a.RequestMappingHandlerMapping : Mapped "{[/error],produces=[text/html]}" onto public org.springframework.web.servlet.ModelAndView org.springframework.boot.autoconfigure.web.BasicErrorController.errorHtml(javax.servlet.http.HttpServletRequest,javax.servlet.http.HttpServletResponse)
2019-05-02 01:49:59.969  INFO 21947 --- [rver.App.main()] o.s.w.s.handler.SimpleUrlHandlerMapping  : Mapped URL path [/webjars/**] onto handler of type [class org.springframework.web.servlet.resource.ResourceHttpRequestHandler]
2019-05-02 01:49:59.971  INFO 21947 --- [rver.App.main()] o.s.w.s.handler.SimpleUrlHandlerMapping  : Mapped URL path [/**] onto handler of type [class org.springframework.web.servlet.resource.ResourceHttpRequestHandler]
2019-05-02 01:50:00.057  INFO 21947 --- [rver.App.main()] o.s.w.s.handler.SimpleUrlHandlerMapping  : Mapped URL path [/**/favicon.ico] onto handler of type [class org.springframework.web.servlet.resource.ResourceHttpRequestHandler]
2019-05-02 01:50:00.342  INFO 21947 --- [rver.App.main()] o.s.j.e.a.AnnotationMBeanExporter        : Registering beans for JMX exposure on startup
2019-05-02 01:50:00.464  INFO 21947 --- [rver.App.main()] s.b.c.e.t.TomcatEmbeddedServletContainer : Tomcat started on port(s): 8080 (http)
2019-05-02 01:50:00.479  INFO 21947 --- [rver.App.main()] com.team4.server.App                     : Started App in 6.417 seconds (JVM running for 12.63)
2019-05-02 01:50:00.908  INFO 21947 --- [nio-8080-exec-1] o.a.c.c.C.[Tomcat].[localhost].[/]       : Initializing Spring FrameworkServlet 'dispatcherServlet'
2019-05-02 01:50:00.909  INFO 21947 --- [nio-8080-exec-1] o.s.web.servlet.DispatcherServlet        : FrameworkServlet 'dispatcherServlet': initialization started
2019-05-02 01:50:00.929  INFO 21947 --- [nio-8080-exec-1] o.s.web.servlet.DispatcherServlet        : FrameworkServlet 'dispatcherServlet': initialization completed in 20 ms
2019-05-02 01:50:31.961  INFO 21947 --- [       Thread-3] ationConfigEmbeddedWebApplicationContext : Closing org.springframework.boot.context.embedded.AnnotationConfigEmbeddedWebApplicationContext@194c0f2d: startup date [Thu May 02 01:49:55 UTC 2019]; root of context hierarchy
2019-05-02 01:50:31.974  INFO 21947 --- [       Thread-3] o.s.j.e.a.AnnotationMBeanExporter        : Unregistering JMX-exposed beans on shutdown
WARNING: An illegal reflective access operation has occurred
WARNING: Illegal reflective access by com.google.inject.internal.cglib.core.$ReflectUtils$1 (file:/usr/share/maven/lib/guice.jar) to method java.lang.ClassLoader.defineClass(java.lang.String,byte[],int,int,java.security.ProtectionDomain)
WARNING: Please consider reporting this to the maintainers of com.google.inject.internal.cglib.core.$ReflectUtils$1
WARNING: Use --illegal-access=warn to enable warnings of further illegal reflective access operations
WARNING: All illegal access operations will be denied in a future release
[[1;34mINFO[m] Scanning for projects...
[[1;34mINFO[m] 
[[1;34mINFO[m] [1m--------------------------< [0;36mcom.team4:server[0;1m >--------------------------[m
[[1;34mINFO[m] [1mBuilding server2 0.0.1-SNAPSHOT[m
[[1;34mINFO[m] [1m--------------------------------[ jar ]---------------------------------[m
[[1;34mINFO[m] 
[[1;34mINFO[m] [1m--- [0;32mexec-maven-plugin:1.5.0:java[m [1m(default-cli)[m @ [36mserver[0;1m ---[m
System Started!!

  .   ____          _            __ _ _
 /\\ / ___'_ __ _ _(_)_ __  __ _ \ \ \ \
( ( )\___ | '_ | '_| | '_ \/ _` | \ \ \ \
 \\/  ___)| |_)| | | | | || (_| |  ) ) ) )
  '  |____| .__|_| |_|_| |_\__, | / / / /
 =========|_|==============|___/=/_/_/_/
 :: Spring Boot ::        (v1.5.1.RELEASE)

2019-05-02 01:52:08.006  INFO 22133 --- [rver.App.main()] com.team4.server.App                     : Starting App on ip-172-31-18-82 with PID 22133 (/home/kwkwon/Mobile-Computing/Server/target/classes started by kwkwon in /home/kwkwon/Mobile-Computing/Server)
2019-05-02 01:52:08.021  INFO 22133 --- [rver.App.main()] com.team4.server.App                     : No active profile set, falling back to default profiles: default
2019-05-02 01:52:08.183  INFO 22133 --- [rver.App.main()] ationConfigEmbeddedWebApplicationContext : Refreshing org.springframework.boot.context.embedded.AnnotationConfigEmbeddedWebApplicationContext@18ee2911: startup date [Thu May 02 01:52:08 UTC 2019]; root of context hierarchy
2019-05-02 01:52:10.537  INFO 22133 --- [rver.App.main()] trationDelegate$BeanPostProcessorChecker : Bean 'org.springframework.boot.autoconfigure.validation.ValidationAutoConfiguration' of type [class org.springframework.boot.autoconfigure.validation.ValidationAutoConfiguration] is not eligible for getting processed by all BeanPostProcessors (for example: not eligible for auto-proxying)
2019-05-02 01:52:10.707  INFO 22133 --- [rver.App.main()] trationDelegate$BeanPostProcessorChecker : Bean 'validator' of type [class org.springframework.validation.beanvalidation.LocalValidatorFactoryBean] is not eligible for getting processed by all BeanPostProcessors (for example: not eligible for auto-proxying)
2019-05-02 01:52:11.301  INFO 22133 --- [rver.App.main()] s.b.c.e.t.TomcatEmbeddedServletContainer : Tomcat initialized with port(s): 8080 (http)
2019-05-02 01:52:11.344  INFO 22133 --- [rver.App.main()] o.apache.catalina.core.StandardService   : Starting service Tomcat
2019-05-02 01:52:11.345  INFO 22133 --- [rver.App.main()] org.apache.catalina.core.StandardEngine  : Starting Servlet Engine: Apache Tomcat/8.5.11
2019-05-02 01:52:11.528  INFO 22133 --- [ost-startStop-1] o.a.c.c.C.[Tomcat].[localhost].[/]       : Initializing Spring embedded WebApplicationContext
2019-05-02 01:52:11.528  INFO 22133 --- [ost-startStop-1] o.s.web.context.ContextLoader            : Root WebApplicationContext: initialization completed in 3366 ms
2019-05-02 01:52:11.822  INFO 22133 --- [ost-startStop-1] o.s.b.w.servlet.ServletRegistrationBean  : Mapping servlet: 'dispatcherServlet' to [/]
2019-05-02 01:52:11.832  INFO 22133 --- [ost-startStop-1] o.s.b.w.servlet.FilterRegistrationBean   : Mapping filter: 'characterEncodingFilter' to: [/*]
2019-05-02 01:52:11.832  INFO 22133 --- [ost-startStop-1] o.s.b.w.servlet.FilterRegistrationBean   : Mapping filter: 'hiddenHttpMethodFilter' to: [/*]
2019-05-02 01:52:11.832  INFO 22133 --- [ost-startStop-1] o.s.b.w.servlet.FilterRegistrationBean   : Mapping filter: 'httpPutFormContentFilter' to: [/*]
2019-05-02 01:52:11.833  INFO 22133 --- [ost-startStop-1] o.s.b.w.servlet.FilterRegistrationBean   : Mapping filter: 'requestContextFilter' to: [/*]
2019-05-02 01:52:12.489  INFO 22133 --- [rver.App.main()] s.w.s.m.m.a.RequestMappingHandlerAdapter : Looking for @ControllerAdvice: org.springframework.boot.context.embedded.AnnotationConfigEmbeddedWebApplicationContext@18ee2911: startup date [Thu May 02 01:52:08 UTC 2019]; root of context hierarchy
2019-05-02 01:52:12.654  INFO 22133 --- [rver.App.main()] s.w.s.m.m.a.RequestMappingHandlerMapping : Mapped "{[/register_device],methods=[POST]}" onto public java.lang.String com.team4.server.RegistController.registerDevice(java.lang.String,java.lang.String)
2019-05-02 01:52:12.665  INFO 22133 --- [rver.App.main()] s.w.s.m.m.a.RequestMappingHandlerMapping : Mapped "{[/ping],methods=[GET]}" onto public java.lang.String com.team4.server.StatusController.isRunning()
2019-05-02 01:52:12.670  INFO 22133 --- [rver.App.main()] s.w.s.m.m.a.RequestMappingHandlerMapping : Mapped "{[/error]}" onto public org.springframework.http.ResponseEntity<java.util.Map<java.lang.String, java.lang.Object>> org.springframework.boot.autoconfigure.web.BasicErrorController.error(javax.servlet.http.HttpServletRequest)
2019-05-02 01:52:12.672  INFO 22133 --- [rver.App.main()] s.w.s.m.m.a.RequestMappingHandlerMapping : Mapped "{[/error],produces=[text/html]}" onto public org.springframework.web.servlet.ModelAndView org.springframework.boot.autoconfigure.web.BasicErrorController.errorHtml(javax.servlet.http.HttpServletRequest,javax.servlet.http.HttpServletResponse)
2019-05-02 01:52:12.841  INFO 22133 --- [rver.App.main()] o.s.w.s.handler.SimpleUrlHandlerMapping  : Mapped URL path [/webjars/**] onto handler of type [class org.springframework.web.servlet.resource.ResourceHttpRequestHandler]
2019-05-02 01:52:12.842  INFO 22133 --- [rver.App.main()] o.s.w.s.handler.SimpleUrlHandlerMapping  : Mapped URL path [/**] onto handler of type [class org.springframework.web.servlet.resource.ResourceHttpRequestHandler]
2019-05-02 01:52:12.927  INFO 22133 --- [rver.App.main()] o.s.w.s.handler.SimpleUrlHandlerMapping  : Mapped URL path [/**/favicon.ico] onto handler of type [class org.springframework.web.servlet.resource.ResourceHttpRequestHandler]
2019-05-02 01:52:13.214  INFO 22133 --- [rver.App.main()] o.s.j.e.a.AnnotationMBeanExporter        : Registering beans for JMX exposure on startup
2019-05-02 01:52:13.326  INFO 22133 --- [rver.App.main()] s.b.c.e.t.TomcatEmbeddedServletContainer : Tomcat started on port(s): 8080 (http)
2019-05-02 01:52:13.341  INFO 22133 --- [rver.App.main()] com.team4.server.App                     : Started App in 6.156 seconds (JVM running for 12.569)
2019-05-02 01:52:16.541  INFO 22133 --- [nio-8080-exec-1] o.a.c.c.C.[Tomcat].[localhost].[/]       : Initializing Spring FrameworkServlet 'dispatcherServlet'
2019-05-02 01:52:16.541  INFO 22133 --- [nio-8080-exec-1] o.s.web.servlet.DispatcherServlet        : FrameworkServlet 'dispatcherServlet': initialization started
2019-05-02 01:52:16.564  INFO 22133 --- [nio-8080-exec-1] o.s.web.servlet.DispatcherServlet        : FrameworkServlet 'dispatcherServlet': initialization completed in 23 ms
Devicelist :: [Mobile Computing]
2019-05-02 01:53:08.094  INFO 22133 --- [       Thread-3] ationConfigEmbeddedWebApplicationContext : Closing org.springframework.boot.context.embedded.AnnotationConfigEmbeddedWebApplicationContext@18ee2911: startup date [Thu May 02 01:52:08 UTC 2019]; root of context hierarchy
2019-05-02 01:53:08.096  INFO 22133 --- [       Thread-3] o.s.j.e.a.AnnotationMBeanExporter        : Unregistering JMX-exposed beans on shutdown
WARNING: An illegal reflective access operation has occurred
WARNING: Illegal reflective access by com.google.inject.internal.cglib.core.$ReflectUtils$1 (file:/usr/share/maven/lib/guice.jar) to method java.lang.ClassLoader.defineClass(java.lang.String,byte[],int,int,java.security.ProtectionDomain)
WARNING: Please consider reporting this to the maintainers of com.google.inject.internal.cglib.core.$ReflectUtils$1
WARNING: Use --illegal-access=warn to enable warnings of further illegal reflective access operations
WARNING: All illegal access operations will be denied in a future release
[[1;34mINFO[m] Scanning for projects...
[[1;34mINFO[m] 
[[1;34mINFO[m] [1m--------------------------< [0;36mcom.team4:server[0;1m >--------------------------[m
[[1;34mINFO[m] [1mBuilding server2 0.0.1-SNAPSHOT[m
[[1;34mINFO[m] [1m--------------------------------[ jar ]---------------------------------[m
[[1;34mINFO[m] 
[[1;34mINFO[m] [1m--- [0;32mexec-maven-plugin:1.5.0:java[m [1m(default-cli)[m @ [36mserver[0;1m ---[m
System Started!!

  .   ____          _            __ _ _
 /\\ / ___'_ __ _ _(_)_ __  __ _ \ \ \ \
( ( )\___ | '_ | '_| | '_ \/ _` | \ \ \ \
 \\/  ___)| |_)| | | | | || (_| |  ) ) ) )
  '  |____| .__|_| |_|_| |_\__, | / / / /
 =========|_|==============|___/=/_/_/_/
 :: Spring Boot ::        (v1.5.1.RELEASE)

2019-05-02 01:53:17.092  INFO 22201 --- [rver.App.main()] com.team4.server.App                     : Starting App on ip-172-31-18-82 with PID 22201 (/home/kwkwon/Mobile-Computing/Server/target/classes started by kwkwon in /home/kwkwon/Mobile-Computing/Server)
2019-05-02 01:53:17.095  INFO 22201 --- [rver.App.main()] com.team4.server.App                     : No active profile set, falling back to default profiles: default
2019-05-02 01:53:17.239  INFO 22201 --- [rver.App.main()] ationConfigEmbeddedWebApplicationContext : Refreshing org.springframework.boot.context.embedded.AnnotationConfigEmbeddedWebApplicationContext@d411595: startup date [Thu May 02 01:53:17 UTC 2019]; root of context hierarchy
2019-05-02 01:53:19.134  INFO 22201 --- [rver.App.main()] trationDelegate$BeanPostProcessorChecker : Bean 'org.springframework.boot.autoconfigure.validation.ValidationAutoConfiguration' of type [class org.springframework.boot.autoconfigure.validation.ValidationAutoConfiguration] is not eligible for getting processed by all BeanPostProcessors (for example: not eligible for auto-proxying)
2019-05-02 01:53:19.277  INFO 22201 --- [rver.App.main()] trationDelegate$BeanPostProcessorChecker : Bean 'validator' of type [class org.springframework.validation.beanvalidation.LocalValidatorFactoryBean] is not eligible for getting processed by all BeanPostProcessors (for example: not eligible for auto-proxying)
2019-05-02 01:53:19.792  INFO 22201 --- [rver.App.main()] s.b.c.e.t.TomcatEmbeddedServletContainer : Tomcat initialized with port(s): 8080 (http)
2019-05-02 01:53:19.818  INFO 22201 --- [rver.App.main()] o.apache.catalina.core.StandardService   : Starting service Tomcat
2019-05-02 01:53:19.819  INFO 22201 --- [rver.App.main()] org.apache.catalina.core.StandardEngine  : Starting Servlet Engine: Apache Tomcat/8.5.11
2019-05-02 01:53:19.973  INFO 22201 --- [ost-startStop-1] o.a.c.c.C.[Tomcat].[localhost].[/]       : Initializing Spring embedded WebApplicationContext
2019-05-02 01:53:19.974  INFO 22201 --- [ost-startStop-1] o.s.web.context.ContextLoader            : Root WebApplicationContext: initialization completed in 2759 ms
2019-05-02 01:53:20.217  INFO 22201 --- [ost-startStop-1] o.s.b.w.servlet.ServletRegistrationBean  : Mapping servlet: 'dispatcherServlet' to [/]
2019-05-02 01:53:20.222  INFO 22201 --- [ost-startStop-1] o.s.b.w.servlet.FilterRegistrationBean   : Mapping filter: 'characterEncodingFilter' to: [/*]
2019-05-02 01:53:20.222  INFO 22201 --- [ost-startStop-1] o.s.b.w.servlet.FilterRegistrationBean   : Mapping filter: 'hiddenHttpMethodFilter' to: [/*]
2019-05-02 01:53:20.222  INFO 22201 --- [ost-startStop-1] o.s.b.w.servlet.FilterRegistrationBean   : Mapping filter: 'httpPutFormContentFilter' to: [/*]
2019-05-02 01:53:20.222  INFO 22201 --- [ost-startStop-1] o.s.b.w.servlet.FilterRegistrationBean   : Mapping filter: 'requestContextFilter' to: [/*]
2019-05-02 01:53:20.769  INFO 22201 --- [rver.App.main()] s.w.s.m.m.a.RequestMappingHandlerAdapter : Looking for @ControllerAdvice: org.springframework.boot.context.embedded.AnnotationConfigEmbeddedWebApplicationContext@d411595: startup date [Thu May 02 01:53:17 UTC 2019]; root of context hierarchy
2019-05-02 01:53:20.898  INFO 22201 --- [rver.App.main()] s.w.s.m.m.a.RequestMappingHandlerMapping : Mapped "{[/register_device],methods=[POST]}" onto public java.lang.String com.team4.server.RegistController.registerDevice(java.lang.String,java.lang.String)
2019-05-02 01:53:20.907  INFO 22201 --- [rver.App.main()] s.w.s.m.m.a.RequestMappingHandlerMapping : Mapped "{[/ping],methods=[GET]}" onto public java.lang.String com.team4.server.StatusController.isRunning()
2019-05-02 01:53:20.915  INFO 22201 --- [rver.App.main()] s.w.s.m.m.a.RequestMappingHandlerMapping : Mapped "{[/error]}" onto public org.springframework.http.ResponseEntity<java.util.Map<java.lang.String, java.lang.Object>> org.springframework.boot.autoconfigure.web.BasicErrorController.error(javax.servlet.http.HttpServletRequest)
2019-05-02 01:53:20.916  INFO 22201 --- [rver.App.main()] s.w.s.m.m.a.RequestMappingHandlerMapping : Mapped "{[/error],produces=[text/html]}" onto public org.springframework.web.servlet.ModelAndView org.springframework.boot.autoconfigure.web.BasicErrorController.errorHtml(javax.servlet.http.HttpServletRequest,javax.servlet.http.HttpServletResponse)
2019-05-02 01:53:20.973  INFO 22201 --- [rver.App.main()] o.s.w.s.handler.SimpleUrlHandlerMapping  : Mapped URL path [/webjars/**] onto handler of type [class org.springframework.web.servlet.resource.ResourceHttpRequestHandler]
2019-05-02 01:53:20.974  INFO 22201 --- [rver.App.main()] o.s.w.s.handler.SimpleUrlHandlerMapping  : Mapped URL path [/**] onto handler of type [class org.springframework.web.servlet.resource.ResourceHttpRequestHandler]
2019-05-02 01:53:21.125  INFO 22201 --- [rver.App.main()] o.s.w.s.handler.SimpleUrlHandlerMapping  : Mapped URL path [/**/favicon.ico] onto handler of type [class org.springframework.web.servlet.resource.ResourceHttpRequestHandler]
2019-05-02 01:53:21.356  INFO 22201 --- [rver.App.main()] o.s.j.e.a.AnnotationMBeanExporter        : Registering beans for JMX exposure on startup
2019-05-02 01:53:21.454  INFO 22201 --- [rver.App.main()] s.b.c.e.t.TomcatEmbeddedServletContainer : Tomcat started on port(s): 8080 (http)
2019-05-02 01:53:21.464  INFO 22201 --- [rver.App.main()] com.team4.server.App                     : Started App in 5.135 seconds (JVM running for 10.565)
2019-05-02 01:53:25.102  INFO 22201 --- [nio-8080-exec-1] o.a.c.c.C.[Tomcat].[localhost].[/]       : Initializing Spring FrameworkServlet 'dispatcherServlet'
2019-05-02 01:53:25.103  INFO 22201 --- [nio-8080-exec-1] o.s.web.servlet.DispatcherServlet        : FrameworkServlet 'dispatcherServlet': initialization started
2019-05-02 01:53:25.123  INFO 22201 --- [nio-8080-exec-1] o.s.web.servlet.DispatcherServlet        : FrameworkServlet 'dispatcherServlet': initialization completed in 16 ms
Devicelist :: [Mobile Computing]
Devicelist :: [Mobile Computing, Mobile Computing]
Devicelist :: [Mobile Computing, Mobile Computing, Mobile Computing]
Devicelist :: [Mobile Computing, Mobile Computing, Mobile Computing, Mobile Computing]
Devicelist :: [Mobile Computing, Mobile Computing, Mobile Computing, Mobile Computing, Mobile Computing]
Devicelist :: [Mobile Computing, Mobile Computing, Mobile Computing, Mobile Computing, Mobile Computing, Mobile Computing]
